 (0,0): Unity incremental compiler server
 (0,0): watchdog active on pid: 22156
 (0,0): [10/30/2018 05:09:09.666 PM] Unity.TextMeshPro.dll: no prior compilation found in cache
 (0,0): [10/30/2018 05:09:09.680 PM] Unity.TextMeshPro.dll compiling...
 (0,0): [10/30/2018 05:09:09.697 PM] Unity.PackageManagerUI.Editor.dll: no prior compilation found in cache
 (0,0): [10/30/2018 05:09:09.709 PM] Unity.PackageManagerUI.Editor.dll compiling...
 (0,0): [10/30/2018 05:09:09.856 PM] UnityEditor.StandardEvents.dll: no prior compilation found in cache
 (0,0): [10/30/2018 05:09:09.881 PM] UnityEditor.StandardEvents.dll compiling...
 (0,0): [10/30/2018 05:09:11.261 PM] UnityEditor.StandardEvents.dll: emitting IL to : E:\Projects\Hopkins\GIT\WebFM_Unity\Temp\UnityEditor.StandardEvents.dll
 (0,0): [10/30/2018 05:09:11.262 PM] Unity.TextMeshPro.dll: emitting IL to : E:\Projects\Hopkins\GIT\WebFM_Unity\Temp\Unity.TextMeshPro.dll
 (0,0): [10/30/2018 05:09:11.262 PM] Unity.PackageManagerUI.Editor.dll: emitting IL to : E:\Projects\Hopkins\GIT\WebFM_Unity\Temp\Unity.PackageManagerUI.Editor.dll
 (0,0): [10/30/2018 05:09:11.304 PM] UnityEditor.StandardEvents.dll compilation finished in 1423ms  source files re-parsed: 1 metadata reloaded: 0
 (0,0): [10/30/2018 05:09:11.337 PM] Unity.PackageManagerUI.Editor.dll compilation finished in 1628ms  source files re-parsed: 44 metadata reloaded: 133
 (0,0): [10/30/2018 05:09:11.339 PM] Unity.TextMeshPro.dll compilation finished in 1659ms  source files re-parsed: 45 metadata reloaded: 155
 (0,0): [10/30/2018 05:09:11.716 PM] Unity.TextMeshPro.Editor.dll: no prior compilation found in cache
 (0,0): [10/30/2018 05:09:11.728 PM] Unity.TextMeshPro.Editor.dll compiling...
 (0,0): [10/30/2018 05:09:11.920 PM] Unity.TextMeshPro.Editor.dll: emitting IL to : E:\Projects\Hopkins\GIT\WebFM_Unity\Temp\Unity.TextMeshPro.Editor.dll
 (0,0): [10/30/2018 05:09:12.061 PM] Unity.TextMeshPro.Editor.dll compilation finished in 333ms  source files re-parsed: 39 metadata reloaded: 1
 (0,0): [10/30/2018 05:09:12.237 PM] Assembly-CSharp.dll: no prior compilation found in cache
 (0,0): [10/30/2018 05:09:12.249 PM] Assembly-CSharp.dll compiling...
 (0,0): [10/30/2018 05:09:12.317 PM] Assembly-CSharp.dll: emitting IL to : E:\Projects\Hopkins\GIT\WebFM_Unity\Temp\Assembly-CSharp.dll
 (0,0): [10/30/2018 05:09:12.373 PM] Assembly-CSharp.dll compilation finished in 124ms  source files re-parsed: 18 metadata reloaded: 3
 (0,0): [10/30/2018 05:14:09.564 PM] Compiler cache size is now 22.64 MB
 (0,0): watchdog triggered an exit
